Flask Stock Portfolio App Started
Flask Stock Portfolio App Started
2023-12-14 20:44:40,004 INFO Flask Stock Portfolio App Started [in C:\Users\efosa\OneDrive\Desktop\projects\flask\flask-stock-portfolio\app.py:31]
2023-12-14 20:52:44,748 INFO Calling the index() function. [in C:\Users\efosa\OneDrive\Desktop\projects\flask\flask-stock-portfolio\app.py:36]
2023-12-14 20:52:56,510 INFO Flask Stock Portfolio App Started [in C:\Users\efosa\OneDrive\Desktop\projects\flask\flask-stock-portfolio\app.py:31]
2023-12-14 20:52:56,863 INFO Flask Stock Portfolio App Started [in C:\Users\efosa\OneDrive\Desktop\projects\flask\flask-stock-portfolio\app.py:31]
2023-12-14 20:57:09,788 INFO Flask Stock Portfolio App Started [in C:\Users\efosa\OneDrive\Desktop\projects\flask\flask-stock-portfolio\app.py:32]
2023-12-14 21:04:46,372 INFO Flask Stock Portfolio App Started [in C:\Users\efosa\OneDrive\Desktop\projects\flask\flask-stock-portfolio\app.py:33]
2023-12-14 21:05:15,298 INFO Flask Stock Portfolio App Started [in C:\Users\efosa\OneDrive\Desktop\projects\flask\flask-stock-portfolio\app.py:36]
2023-12-14 21:05:20,800 INFO Flask Stock Portfolio App Started [in C:\Users\efosa\OneDrive\Desktop\projects\flask\flask-stock-portfolio\app.py:37]
2023-12-14 21:07:07,084 INFO Flask Stock Portfolio App Started [in C:\Users\efosa\OneDrive\Desktop\projects\flask\flask-stock-portfolio\app.py:38]
2023-12-14 21:07:58,430 INFO Flask Stock Portfolio App Started [in C:\Users\efosa\OneDrive\Desktop\projects\flask\flask-stock-portfolio\app.py:38]
2023-12-14 21:12:17,507 INFO Flask Stock Portfolio App Started [in C:\Users\efosa\OneDrive\Desktop\projects\flask\flask-stock-portfolio\app.py:38]
2023-12-14 21:13:03,654 INFO Added new stock (SBUX)! [in C:\Users\efosa\OneDrive\Desktop\projects\flask\flask-stock-portfolio\app.py:84]
2023-12-16 09:54:10,136 INFO Flask Stock Portfolio App Started [in C:\Users\efosa\OneDrive\Desktop\projects\flask\flask-stock-portfolio\app.py:38]
2023-12-16 09:54:31,026 INFO Flask Stock Portfolio App Started [in C:\Users\efosa\OneDrive\Desktop\projects\flask\flask-stock-portfolio\app.py:38]
2023-12-16 09:56:30,715 INFO Flask Stock Portfolio App Started [in C:\Users\efosa\OneDrive\Desktop\projects\flask\flask-stock-portfolio\app.py:38]
2023-12-16 09:56:51,628 INFO Flask Stock Portfolio App Started [in C:\Users\efosa\OneDrive\Desktop\projects\flask\flask-stock-portfolio\app.py:38]
2023-12-16 09:57:00,265 INFO Flask Stock Portfolio App Started [in C:\Users\efosa\OneDrive\Desktop\projects\flask\flask-stock-portfolio\app.py:38]
2023-12-16 09:57:05,817 INFO Flask Stock Portfolio App Started [in C:\Users\efosa\OneDrive\Desktop\projects\flask\flask-stock-portfolio\app.py:38]
2023-12-16 09:57:57,247 INFO Flask Stock Portfolio App Started [in C:\Users\efosa\OneDrive\Desktop\projects\flask\flask-stock-portfolio\app.py:38]
2023-12-16 09:58:02,795 INFO Flask Stock Portfolio App Started [in C:\Users\efosa\OneDrive\Desktop\projects\flask\flask-stock-portfolio\app.py:38]
2023-12-16 09:58:47,044 INFO Flask Stock Portfolio App Started [in C:\Users\efosa\OneDrive\Desktop\projects\flask\flask-stock-portfolio\app.py:38]
2023-12-16 09:58:52,588 INFO Flask Stock Portfolio App Started [in C:\Users\efosa\OneDrive\Desktop\projects\flask\flask-stock-portfolio\app.py:38]
2023-12-16 10:00:11,547 INFO Flask Stock Portfolio App Started [in C:\Users\efosa\OneDrive\Desktop\projects\flask\flask-stock-portfolio\app.py:38]
2023-12-16 10:03:14,430 INFO Flask Stock Portfolio App Started [in C:\Users\efosa\OneDrive\Desktop\projects\flask\flask-stock-portfolio\app.py:25]
2023-12-16 10:03:30,106 INFO Flask Stock Portfolio App Started [in C:\Users\efosa\OneDrive\Desktop\projects\flask\flask-stock-portfolio\app.py:25]
2023-12-16 10:04:07,159 INFO Flask Stock Portfolio App Started [in C:\Users\efosa\OneDrive\Desktop\projects\flask\flask-stock-portfolio\app.py:25]
2023-12-16 10:04:25,919 INFO Flask Stock Portfolio App Started [in C:\Users\efosa\OneDrive\Desktop\projects\flask\flask-stock-portfolio\app.py:25]
2023-12-16 10:05:34,570 INFO Flask Stock Portfolio App Started [in C:\Users\efosa\OneDrive\Desktop\projects\flask\flask-stock-portfolio\app.py:25]
2023-12-16 10:06:14,676 INFO Flask Stock Portfolio App Started [in C:\Users\efosa\OneDrive\Desktop\projects\flask\flask-stock-portfolio\app.py:25]
2023-12-16 10:08:48,926 INFO Flask Stock Portfolio App Started [in C:\Users\efosa\OneDrive\Desktop\projects\flask\flask-stock-portfolio\app.py:25]
2023-12-16 10:09:17,858 INFO Flask Stock Portfolio App Started [in C:\Users\efosa\OneDrive\Desktop\projects\flask\flask-stock-portfolio\app.py:25]
2023-12-16 10:10:10,210 INFO Flask Stock Portfolio App Started [in C:\Users\efosa\OneDrive\Desktop\projects\flask\flask-stock-portfolio\app.py:25]
2023-12-16 10:10:45,350 INFO Flask Stock Portfolio App Started [in C:\Users\efosa\OneDrive\Desktop\projects\flask\flask-stock-portfolio\app.py:25]
2023-12-16 10:11:43,001 INFO Flask Stock Portfolio App Started [in C:\Users\efosa\OneDrive\Desktop\projects\flask\flask-stock-portfolio\app.py:25]
2023-12-16 10:12:18,061 INFO Flask Stock Portfolio App Started [in C:\Users\efosa\OneDrive\Desktop\projects\flask\flask-stock-portfolio\app.py:25]
2023-12-16 10:12:33,730 INFO Flask Stock Portfolio App Started [in C:\Users\efosa\OneDrive\Desktop\projects\flask\flask-stock-portfolio\app.py:25]
2023-12-16 10:12:59,627 INFO Flask Stock Portfolio App Started [in C:\Users\efosa\OneDrive\Desktop\projects\flask\flask-stock-portfolio\app.py:25]
2023-12-16 10:13:23,452 INFO Flask Stock Portfolio App Started [in C:\Users\efosa\OneDrive\Desktop\projects\flask\flask-stock-portfolio\app.py:25]
2023-12-16 10:13:47,265 INFO Flask Stock Portfolio App Started [in C:\Users\efosa\OneDrive\Desktop\projects\flask\flask-stock-portfolio\app.py:25]
2023-12-16 10:15:02,041 INFO Flask Stock Portfolio App Started [in C:\Users\efosa\OneDrive\Desktop\projects\flask\flask-stock-portfolio\app.py:25]
2023-12-16 10:15:38,131 INFO Flask Stock Portfolio App Started [in C:\Users\efosa\OneDrive\Desktop\projects\flask\flask-stock-portfolio\app.py:25]
2023-12-16 10:16:29,549 INFO Flask Stock Portfolio App Started [in C:\Users\efosa\OneDrive\Desktop\projects\flask\flask-stock-portfolio\app.py:25]
2023-12-16 10:16:42,172 INFO Flask Stock Portfolio App Started [in C:\Users\efosa\OneDrive\Desktop\projects\flask\flask-stock-portfolio\app.py:25]
2023-12-16 10:16:49,691 INFO Flask Stock Portfolio App Started [in C:\Users\efosa\OneDrive\Desktop\projects\flask\flask-stock-portfolio\app.py:25]
2023-12-16 10:17:18,624 INFO Flask Stock Portfolio App Started [in C:\Users\efosa\OneDrive\Desktop\projects\flask\flask-stock-portfolio\app.py:25]
2023-12-16 10:17:44,474 INFO Flask Stock Portfolio App Started [in C:\Users\efosa\OneDrive\Desktop\projects\flask\flask-stock-portfolio\app.py:25]
2023-12-16 10:23:41,098 INFO Flask Stock Portfolio App Started [in C:\Users\efosa\OneDrive\Desktop\projects\flask\flask-stock-portfolio\app.py:25]
2023-12-16 11:59:47,561 INFO Flask Stock Portfolio App Started [in C:\Users\efosa\OneDrive\Desktop\projects\flask\flask-stock-portfolio\app.py:25]
2023-12-16 11:59:47,978 INFO Flask Stock Portfolio App Started [in C:\Users\efosa\OneDrive\Desktop\projects\flask\flask-stock-portfolio\app.py:25]
2023-12-16 11:59:50,826 INFO Calling the index() function. [in C:\Users\efosa\OneDrive\Desktop\projects\flask\flask-stock-portfolio\project\stocks\routes.py:29]
